2023-03-25 01:22:56,064 - api.utils - INFO - Getting all Country instances
2023-03-25 01:22:56,064 - api.utils - INFO - Getting all Flight instances
2023-03-25 01:22:56,076 - api.utils - INFO - Getting all Country instances
2023-03-25 01:22:56,117 - api.utils - INFO - Getting all Flight instances
2023-03-25 01:23:11,043 - api.utils - INFO - Getting flights for origin country id: 4, destination country id: 4, and date: 2023-03-25
2023-03-25 01:23:13,822 - api.utils - INFO - Getting flights for origin country id: 2, destination country id: 4, and date: 2023-03-25
2023-03-25 01:23:15,382 - api.utils - INFO - Getting flights for origin country id: 1, destination country id: 4, and date: 2023-03-25
2023-03-25 01:23:19,104 - api.utils - INFO - Getting all Country instances
2023-03-25 01:23:19,104 - api.utils - INFO - Getting all Flight instances
2023-03-25 01:23:19,114 - api.utils - INFO - Getting all Country instances
2023-03-25 01:23:19,152 - api.utils - INFO - Getting all Flight instances
2023-03-25 01:25:05,539 - api.utils - INFO - Getting all Country instances
2023-03-25 01:25:05,540 - api.utils - INFO - Getting all Flight instances
2023-03-25 01:25:05,551 - api.utils - INFO - Getting all Country instances
2023-03-25 01:25:05,575 - api.utils - INFO - Getting all Flight instances
2023-03-25 01:25:12,515 - api.utils - INFO - Getting all Country instances
2023-03-25 01:25:12,521 - api.utils - INFO - Getting all Flight instances
2023-03-25 01:25:12,525 - api.utils - INFO - Getting all Country instances
2023-03-25 01:25:12,565 - api.utils - INFO - Getting all Flight instances
2023-03-25 01:25:14,789 - api.utils - INFO - Getting user for username: testing123
2023-03-25 01:25:15,083 - api.utils - INFO - Getting user for username: testing123
2023-03-25 01:25:15,419 - api.utils - INFO - Getting all Country instances
2023-03-25 01:25:15,421 - api.utils - INFO - Getting all Flight instances
2023-03-25 01:25:15,431 - api.utils - INFO - Getting all Country instances
2023-03-25 01:25:15,476 - api.utils - INFO - Getting all Flight instances
2023-03-25 01:25:17,020 - api.utils - INFO - Getting Flight instance with id 4
2023-03-25 01:25:17,035 - api.utils - INFO - Getting Flight instance with id 4
2023-03-25 01:25:30,533 - api.utils - INFO - Getting all Country instances
2023-03-25 01:25:30,538 - api.utils - INFO - Getting all Flight instances
2023-03-25 01:25:30,543 - api.utils - INFO - Getting all Country instances
2023-03-25 01:25:30,590 - api.utils - INFO - Getting all Flight instances
2023-03-25 01:26:17,087 - api.utils - INFO - Getting user for username: testing123
2023-03-25 01:26:17,381 - api.utils - INFO - Getting user for username: testing123
2023-03-25 01:26:17,673 - api.utils - INFO - Getting all Country instances
2023-03-25 01:26:17,674 - api.utils - INFO - Getting all Flight instances
2023-03-25 01:26:17,690 - api.utils - INFO - Getting all Country instances
2023-03-25 01:26:17,734 - api.utils - INFO - Getting all Flight instances
2023-03-25 01:27:19,135 - api.utils - INFO - Getting user for username: testing123
2023-03-25 01:27:19,443 - api.utils - INFO - Getting user for username: testing123
2023-03-25 01:27:20,013 - api.utils - INFO - Getting airline for username: testing123
2023-03-25 01:27:20,018 - api.utils - INFO - Getting flights for airline id: 1
2023-03-25 01:27:22,193 - api.utils - INFO - Getting all Country instances
2023-03-25 01:27:22,198 - api.utils - INFO - Getting all Flight instances
2023-03-25 01:27:22,204 - api.utils - INFO - Getting all Country instances
2023-03-25 01:27:22,253 - api.utils - INFO - Getting all Flight instances
2023-03-25 01:29:10,184 - api.utils - INFO - Getting all Country instances
2023-03-25 01:29:10,185 - api.utils - INFO - Getting all Flight instances
2023-03-25 01:29:26,407 - api.utils - INFO - Getting all Country instances
2023-03-25 01:29:26,414 - api.utils - INFO - Getting all Flight instances
2023-03-25 01:29:26,421 - api.utils - INFO - Getting all Country instances
2023-03-25 01:29:26,479 - api.utils - INFO - Getting all Flight instances
2023-03-25 01:29:27,954 - api.utils - INFO - Getting airline for username: testing123
2023-03-25 01:29:27,958 - api.utils - INFO - Getting flights for airline id: 1
2023-03-25 01:29:27,989 - api.utils - INFO - Getting airline for username: testing123
2023-03-25 01:29:27,994 - api.utils - INFO - Getting flights for airline id: 1
2023-03-25 01:29:29,776 - api.utils - INFO - Getting all Country instances
2023-03-25 01:29:29,795 - api.utils - INFO - Getting all Country instances
2023-03-25 01:29:29,807 - django.request - WARNING - Not Found: /api/flightById/undefined
2023-03-25 01:29:29,827 - django.request - WARNING - Not Found: /api/flightById/undefined
2023-03-25 01:29:31,249 - api.utils - INFO - Getting all Country instances
2023-03-25 01:29:31,253 - api.utils - INFO - Getting all Flight instances
2023-03-25 01:29:31,260 - api.utils - INFO - Getting all Country instances
2023-03-25 01:29:31,297 - api.utils - INFO - Getting all Flight instances
2023-03-25 01:29:32,482 - api.utils - INFO - Getting Flight instance with id 4
2023-03-25 01:29:32,499 - api.utils - INFO - Getting Flight instance with id 4
2023-03-25 01:29:45,291 - api.utils - INFO - Getting all Country instances
2023-03-25 01:29:45,292 - api.utils - INFO - Getting all Flight instances
2023-03-25 01:29:45,302 - api.utils - INFO - Getting all Country instances
2023-03-25 01:29:45,333 - api.utils - INFO - Getting all Flight instances
2023-03-25 01:29:48,058 - api.utils - INFO - Getting airline for username: testing123
2023-03-25 01:29:48,062 - api.utils - INFO - Getting flights for airline id: 1
2023-03-25 01:29:48,092 - api.utils - INFO - Getting airline for username: testing123
2023-03-25 01:29:48,097 - api.utils - INFO - Getting flights for airline id: 1
2023-03-25 01:29:49,287 - api.utils - INFO - Getting all Country instances
2023-03-25 01:29:49,291 - api.utils - INFO - Getting all Flight instances
2023-03-25 01:29:49,297 - api.utils - INFO - Getting all Country instances
2023-03-25 01:29:49,338 - api.utils - INFO - Getting all Flight instances
2023-03-25 01:29:50,171 - api.utils - INFO - Getting Flight instance with id 4
2023-03-25 01:29:50,186 - api.utils - INFO - Getting Flight instance with id 4
2023-03-25 01:29:52,564 - api.utils - INFO - Getting all Country instances
2023-03-25 01:29:52,572 - api.utils - INFO - Getting all Flight instances
2023-03-25 01:29:52,580 - api.utils - INFO - Getting all Country instances
2023-03-25 01:29:52,616 - api.utils - INFO - Getting all Flight instances
2023-03-25 01:29:54,170 - api.utils - INFO - Getting airline for username: testing123
2023-03-25 01:29:54,174 - api.utils - INFO - Getting flights for airline id: 1
2023-03-25 01:29:54,204 - api.utils - INFO - Getting airline for username: testing123
2023-03-25 01:29:54,210 - api.utils - INFO - Getting flights for airline id: 1
2023-03-25 01:29:56,497 - api.utils - INFO - Getting all Country instances
2023-03-25 01:29:56,503 - api.utils - INFO - Getting all Flight instances
2023-03-25 01:29:56,510 - api.utils - INFO - Getting all Country instances
2023-03-25 01:29:56,548 - api.utils - INFO - Getting all Flight instances
2023-03-25 01:30:15,520 - api.utils - INFO - Getting Flight instance with id 4
2023-03-25 01:30:15,538 - api.utils - INFO - Getting Flight instance with id 4
2023-03-25 01:30:16,691 - api.utils - INFO - Getting all Country instances
2023-03-25 01:30:16,699 - api.utils - INFO - Getting all Flight instances
2023-03-25 01:30:16,702 - api.utils - INFO - Getting all Country instances
2023-03-25 01:30:16,746 - api.utils - INFO - Getting all Flight instances
2023-03-25 01:30:18,144 - api.utils - INFO - Getting Flight instance with id 3
2023-03-25 01:30:18,160 - api.utils - INFO - Getting Flight instance with id 3
2023-03-25 01:30:27,159 - api.utils - INFO - Getting all Country instances
2023-03-25 01:30:27,164 - api.utils - INFO - Getting all Flight instances
2023-03-25 01:30:27,176 - api.utils - INFO - Getting all Country instances
2023-03-25 01:30:27,227 - api.utils - INFO - Getting all Flight instances
2023-03-25 01:30:38,684 - api.utils - INFO - Getting user for username: rehan.sathio
2023-03-25 01:30:38,976 - api.utils - INFO - Getting user for username: rehan.sathio
2023-03-25 01:30:39,477 - api.utils - INFO - Getting all Country instances
2023-03-25 01:30:39,479 - api.utils - INFO - Getting all Flight instances
2023-03-25 01:30:39,488 - api.utils - INFO - Getting all Country instances
2023-03-25 01:30:39,519 - api.utils - INFO - Getting all Flight instances
2023-03-25 01:30:40,801 - api.utils - INFO - Getting customer for username: rehan.sathio
2023-03-25 01:30:40,805 - api.utils - INFO - Getting tickets for customer id: 1
2023-03-25 01:30:40,860 - api.utils - INFO - Getting customer for username: rehan.sathio
2023-03-25 01:30:40,865 - api.utils - INFO - Getting tickets for customer id: 1
2023-03-25 01:30:44,665 - api.utils - INFO - Getting all Country instances
2023-03-25 01:30:44,667 - api.utils - INFO - Getting all Flight instances
2023-03-25 01:30:44,686 - django.request - ERROR - Internal Server Error: /api/myFlights
Traceback (most recent call last):
  File "D:\PROGRAMMING\Fiverr\flight_management_system\.venv\Lib\site-packages\django\core\handlers\exception.py", line 56, in inner
    response = get_response(request)
               ^^^^^^^^^^^^^^^^^^^^^
  File "D:\PROGRAMMING\Fiverr\flight_management_system\.venv\Lib\site-packages\django\core\handlers\base.py", line 197, in _get_response
    response = wrapped_callback(request, *callback_args, **callback_kwargs)
               ^^^^^^^^^^^^^^^^^^^^^^^^^^^^^^^^^^^^^^^^^^^^^^^^^^^^^^^^^^^^
  File "D:\PROGRAMMING\Fiverr\flight_management_system\.venv\Lib\site-packages\django\views\decorators\csrf.py", line 55, in wrapped_view
    return view_func(*args, **kwargs)
           ^^^^^^^^^^^^^^^^^^^^^^^^^^
  File "D:\PROGRAMMING\Fiverr\flight_management_system\.venv\Lib\site-packages\django\views\generic\base.py", line 103, in view
    return self.dispatch(request, *args, **kwargs)
           ^^^^^^^^^^^^^^^^^^^^^^^^^^^^^^^^^^^^^^^
  File "D:\PROGRAMMING\Fiverr\flight_management_system\.venv\Lib\site-packages\rest_framework\views.py", line 509, in dispatch
    response = self.handle_exception(exc)
               ^^^^^^^^^^^^^^^^^^^^^^^^^^
  File "D:\PROGRAMMING\Fiverr\flight_management_system\.venv\Lib\site-packages\rest_framework\views.py", line 469, in handle_exception
    self.raise_uncaught_exception(exc)
  File "D:\PROGRAMMING\Fiverr\flight_management_system\.venv\Lib\site-packages\rest_framework\views.py", line 480, in raise_uncaught_exception
    raise exc
  File "D:\PROGRAMMING\Fiverr\flight_management_system\.venv\Lib\site-packages\rest_framework\views.py", line 506, in dispatch
    response = handler(request, *args, **kwargs)
               ^^^^^^^^^^^^^^^^^^^^^^^^^^^^^^^^^
  File "D:\PROGRAMMING\Fiverr\flight_management_system\.venv\Lib\site-packages\rest_framework\decorators.py", line 50, in handler
    return func(*args, **kwargs)
           ^^^^^^^^^^^^^^^^^^^^^
  File "D:\PROGRAMMING\Fiverr\flight_management_system\api\views.py", line 82, in MyFlights
    session.get_my_flights(), many=True)
    ^^^^^^^^^^^^^^^^^^^^^^
AttributeError: 'CustomerFacade' object has no attribute 'get_my_flights'
2023-03-25 01:30:44,700 - api.utils - INFO - Getting all Country instances
2023-03-25 01:30:44,741 - api.utils - INFO - Getting all Flight instances
2023-03-25 01:30:55,787 - api.utils - INFO - Getting all Country instances
2023-03-25 01:30:55,795 - api.utils - INFO - Getting all Country instances
2023-03-25 01:30:55,881 - api.utils - INFO - Getting Flight instance with id 3
2023-03-25 01:30:55,892 - api.utils - INFO - Getting all Country instances
2023-03-25 01:30:55,893 - api.utils - INFO - Getting all Flight instances
2023-03-25 01:30:55,912 - api.utils - INFO - Getting all Country instances
2023-03-25 01:30:55,940 - api.utils - INFO - Getting all Flight instances
2023-03-25 01:30:58,744 - api.utils - INFO - Getting Flight instance with id 4
2023-03-25 01:30:58,760 - api.utils - INFO - Getting Flight instance with id 4
2023-03-25 01:30:59,957 - api.utils - INFO - Getting customer for username: rehan.sathio
2023-03-25 01:30:59,961 - api.utils - INFO - Getting Flight instance with id 4
2023-03-25 01:30:59,963 - api.utils - INFO - Adding Ticket instance to the database
2023-03-25 01:30:59,965 - api.utils - INFO - Updating Flight instance in the database
2023-03-25 01:31:02,033 - api.utils - INFO - Getting customer for username: rehan.sathio
2023-03-25 01:31:02,038 - api.utils - INFO - Getting tickets for customer id: 1
2023-03-25 01:31:02,100 - api.utils - INFO - Getting customer for username: rehan.sathio
2023-03-25 01:31:02,105 - api.utils - INFO - Getting tickets for customer id: 1
2023-03-25 01:31:25,525 - api.utils - INFO - Getting customer for username: rehan.sathio
2023-03-25 01:31:25,528 - api.utils - INFO - Getting tickets for customer id: 1
2023-03-25 01:31:25,575 - api.utils - INFO - Getting customer for username: rehan.sathio
2023-03-25 01:31:25,579 - api.utils - INFO - Getting tickets for customer id: 1
2023-03-25 01:32:06,900 - django.request - WARNING - Not Found: /
2023-03-25 01:34:12,443 - django.utils.autoreload - INFO - D:\PROGRAMMING\Fiverr\flight_management_system\flight_management_system\urls.py changed, reloading.
2023-03-25 01:49:58,775 - api.utils - INFO - Getting all Country instances
2023-03-25 01:49:58,775 - api.utils - INFO - Getting all Flight instances
2023-03-25 01:50:07,851 - api.utils - INFO - Getting user for username: admin
2023-03-25 01:50:20,268 - api.utils - INFO - Getting user for username: rehan.sathio
2023-03-25 01:50:20,592 - api.utils - INFO - Getting user for username: rehan.sathio
2023-03-25 01:50:20,799 - api.utils - INFO - Getting all Country instances
2023-03-25 01:50:20,800 - api.utils - INFO - Getting all Flight instances
2023-03-25 01:50:23,336 - api.utils - INFO - Getting Flight instance with id 4
2023-03-25 01:50:24,356 - api.utils - INFO - Getting customer for username: rehan.sathio
2023-03-25 01:50:24,360 - api.utils - INFO - Getting Flight instance with id 4
2023-03-25 01:50:24,362 - api.utils - INFO - Adding Ticket instance to the database
2023-03-25 01:50:24,364 - api.utils - INFO - Updating Flight instance in the database
2023-03-25 01:50:26,276 - api.utils - INFO - Getting customer for username: rehan.sathio
2023-03-25 01:50:26,278 - api.utils - INFO - Getting tickets for customer id: 1
2023-03-25 01:50:29,484 - api.utils - INFO - Getting all Country instances
2023-03-25 01:50:29,493 - api.utils - INFO - Getting all Flight instances
2023-03-25 01:50:35,819 - api.utils - INFO - Getting flights for origin country id: 4, destination country id: 1, and date: 2023-03-25
2023-03-25 01:50:36,620 - api.utils - INFO - Getting Flight instance with id 5
2023-03-25 01:50:37,603 - api.utils - INFO - Getting customer for username: rehan.sathio
2023-03-25 01:50:37,607 - api.utils - INFO - Getting Flight instance with id 5
2023-03-25 01:50:37,608 - api.utils - INFO - Adding Ticket instance to the database
2023-03-25 01:50:37,609 - api.utils - INFO - Updating Flight instance in the database
2023-03-25 01:50:38,730 - api.utils - INFO - Getting all Country instances
2023-03-25 01:50:38,738 - api.utils - INFO - Getting all Flight instances
2023-03-25 01:50:39,662 - api.utils - INFO - Getting customer for username: rehan.sathio
2023-03-25 01:50:39,663 - api.utils - INFO - Getting tickets for customer id: 1
2023-03-25 01:50:41,059 - api.utils - INFO - Getting all Country instances
2023-03-25 01:50:41,068 - api.utils - INFO - Getting all Flight instances
2023-03-25 01:50:42,611 - api.utils - INFO - Getting Flight instance with id 5
2023-03-25 01:50:43,323 - api.utils - INFO - Getting customer for username: rehan.sathio
2023-03-25 01:50:43,327 - api.utils - INFO - Getting Flight instance with id 5
2023-03-25 01:50:43,328 - api.utils - INFO - Adding Ticket instance to the database
2023-03-25 01:50:43,330 - api.utils - INFO - Updating Flight instance in the database
2023-03-25 01:50:45,476 - api.utils - INFO - Getting customer for username: rehan.sathio
2023-03-25 01:50:45,477 - api.utils - INFO - Getting tickets for customer id: 1
2023-03-25 21:54:47,349 - api.utils - INFO - Getting all Country instances
2023-03-25 21:54:47,350 - api.utils - INFO - Getting all Flight instances
2023-03-25 21:54:47,467 - django.request - WARNING - Not Found: /vite.svg
2023-03-25 21:54:50,685 - api.utils - INFO - Getting all Country instances
2023-03-25 21:54:50,686 - api.utils - INFO - Getting all Flight instances
2023-03-25 21:54:55,800 - api.utils - INFO - Getting all Country instances
2023-03-25 21:54:55,801 - api.utils - INFO - Getting all Flight instances
2023-03-25 21:54:56,763 - api.utils - INFO - Getting all Country instances
2023-03-25 21:55:06,928 - api.utils - INFO - Getting all Country instances
2023-03-25 21:55:06,929 - api.utils - INFO - Getting all Flight instances
2023-03-25 21:55:10,239 - api.utils - INFO - Getting user for username: rehan.sathio
2023-03-25 21:55:10,556 - api.utils - INFO - Getting user for username: rehan.sathio
2023-03-25 21:55:10,760 - api.utils - INFO - Getting all Country instances
2023-03-25 21:55:10,761 - api.utils - INFO - Getting all Flight instances
2023-03-25 21:55:20,495 - api.utils - INFO - Getting user for username: testing123
2023-03-25 21:55:20,810 - api.utils - INFO - Getting user for username: testing123
2023-03-25 21:55:20,857 - django.request - WARNING - Not Found: /myFlights
2023-03-25 21:55:25,006 - django.request - WARNING - Not Found: /myFlights
2023-03-25 21:55:28,055 - api.utils - INFO - Getting all Country instances
2023-03-25 21:55:28,059 - api.utils - INFO - Getting all Flight instances
2023-03-25 21:55:39,111 - api.utils - INFO - Getting all Country instances
2023-03-25 21:55:39,119 - api.utils - INFO - Getting all Flight instances
2023-03-25 21:55:40,392 - api.utils - INFO - Getting all Country instances
2023-03-25 21:55:40,396 - api.utils - INFO - Getting all Flight instances
2023-03-25 22:56:18,367 - api.utils - INFO - Getting all Country instances
2023-03-25 22:56:18,372 - api.utils - INFO - Getting all Flight instances
2023-03-25 22:56:21,522 - django.request - WARNING - Not Found: /login
2023-03-25 22:56:39,953 - django.utils.autoreload - INFO - D:\PROGRAMMING\Fiverr\flight_management_system\flight_management_system\urls.py changed, reloading.
2023-03-25 22:59:09,676 - api.utils - INFO - Getting all Country instances
2023-03-25 22:59:09,676 - api.utils - INFO - Getting all Flight instances
2023-03-25 22:59:18,682 - api.utils - INFO - Getting all Country instances
2023-03-25 22:59:20,787 - api.utils - INFO - Getting all Country instances
2023-03-25 22:59:20,791 - api.utils - INFO - Getting all Flight instances
2023-03-25 22:59:22,401 - api.utils - INFO - Getting all Country instances
2023-03-25 22:59:23,608 - api.utils - INFO - Getting all Country instances
2023-03-25 22:59:23,612 - api.utils - INFO - Getting all Flight instances
2023-03-25 22:59:25,292 - api.utils - INFO - Getting user for username: rehan.sathio
2023-03-25 22:59:25,585 - api.utils - INFO - Getting user for username: rehan.sathio
2023-03-25 22:59:25,747 - api.utils - INFO - Getting all Country instances
2023-03-25 22:59:25,756 - api.utils - INFO - Getting all Flight instances
2023-03-25 22:59:26,791 - api.utils - INFO - Getting customer for username: rehan.sathio
2023-03-25 22:59:26,796 - api.utils - INFO - Getting tickets for customer id: 1
2023-03-25 22:59:36,077 - api.utils - INFO - Getting user for username: testing123
2023-03-25 22:59:36,374 - api.utils - INFO - Getting user for username: testing123
2023-03-25 22:59:36,538 - api.utils - INFO - Getting airline for username: testing123
2023-03-25 22:59:36,543 - api.utils - INFO - Getting flights for airline id: 1
2023-03-25 22:59:40,915 - api.utils - INFO - Getting all Country instances
2023-03-25 22:59:40,938 - django.request - WARNING - Not Found: /api/flightById/undefined
2023-03-25 22:59:43,259 - api.utils - INFO - Getting airline for username: testing123
2023-03-25 22:59:43,263 - api.utils - INFO - Getting flights for airline id: 1
2023-03-25 22:59:44,255 - api.utils - INFO - Getting all Country instances
2023-03-25 22:59:44,259 - api.utils - INFO - Getting Flight instance with id 3
2023-03-25 22:59:45,812 - api.utils - INFO - Getting airline for username: testing123
2023-03-25 22:59:45,816 - api.utils - INFO - Getting flights for airline id: 1
2023-03-25 22:59:47,373 - api.utils - INFO - Getting Flight instance with id 1
2023-03-25 22:59:47,378 - api.utils - INFO - Deleting Flight instance from the database
2023-03-25 22:59:47,395 - api.utils - INFO - Getting airline for username: testing123
2023-03-25 22:59:47,399 - api.utils - INFO - Getting flights for airline id: 1
2023-03-25 22:59:48,656 - api.utils - INFO - Getting all Country instances
2023-03-25 22:59:48,660 - api.utils - INFO - Getting all Flight instances
2023-04-18 21:22:42,127 - api.utils - INFO - Getting all Country instances
2023-04-18 21:22:42,127 - api.utils - INFO - Getting all Flight instances
2023-04-18 21:22:45,289 - api.utils - INFO - Getting user for username: Flydua
2023-04-18 21:22:45,634 - django.request - WARNING - Not Found: /vite.svg
2023-04-18 21:22:45,675 - api.utils - INFO - Getting user for username: Flydua
2023-04-18 21:22:45,946 - api.utils - INFO - Getting airline for username: Flydua
2023-04-18 21:22:46,010 - api.utils - INFO - Getting flights for airline id: 5
2023-04-18 21:22:57,099 - api.utils - INFO - Getting user for username: Leenafarhat
2023-04-18 21:22:57,173 - api.utils - WARNING - No user found for username: Leenafarhat
2023-04-18 21:23:08,560 - api.utils - INFO - Getting user for username: RawiMousa
2023-04-18 21:23:08,879 - api.utils - INFO - Getting user for username: RawiMousa
2023-04-18 21:23:09,013 - api.utils - INFO - Getting all Country instances
2023-04-18 21:23:09,014 - api.utils - INFO - Getting all Flight instances
2023-04-18 21:23:14,575 - api.utils - INFO - Getting all Country instances
2023-04-18 21:23:14,577 - api.utils - INFO - Getting all Flight instances
2023-04-18 21:23:18,847 - api.utils - INFO - Getting all Country instances
2023-04-18 21:23:50,212 - api.utils - INFO - Adding User instance to the database
2023-04-18 21:23:50,395 - api.utils - INFO - Adding Customer instance to the database
2023-04-18 21:23:50,443 - api.utils - INFO - Getting user for username: Leenafarhat
2023-04-18 21:23:50,910 - api.utils - INFO - Getting all Country instances
2023-04-18 21:23:50,915 - api.utils - INFO - Getting all Flight instances
